Build started 2017-01-27 22:22:19.
     1>Project "C:\AAA\ProNai\build\vs2013\test.vcxproj" on node 2 (Rebuild target(s)).
     1>ClCompile:
         C:\Program Files (x86)\Microsoft Visual Studio 12.0\VC\bin\CL.exe /c /I..\..\src\3rdparty\opencv\include /I..\..\src\3rdparty\ffmpeg\include /I..\..\src\3rdparty\pthread\include /I..\..\src\3rdparty\glut\include /Zi /nologo /W3 /WX- /O2 /Oy- /GL /D WIN32 /D NOMINMAX /D NDEBUG /D _CONSOLE /D __STDC_CONSTANT_MACROS /D _MBCS /Gm- /EHsc /MD /GS /fp:precise /Zc:wchar_t /Zc:forScope /Fo".\obj\release\\" /Fd".\obj\release\vc120.pdb" /Gd /TP /wd4244 /wd4819 /wd4996 /analyze- /errorReport:prompt ..\..\src\main.cpp
         main.cpp
     1>..\..\src\main.cpp(36): error C2447: '{' : missing function header (old-style formal list?)
     1>..\..\src\main.cpp(98): fatal error C1004: unexpected end-of-file found
     1>Done Building Project "C:\AAA\ProNai\build\vs2013\test.vcxproj" (Rebuild target(s)) -- FAILED.

Build FAILED.

Time Elapsed 00:00:01.25
