Build started 2017-01-26 22:31:15.
     1>Project "C:\AAA\ProNai\opencvNai\opencvNai.vcxproj" on node 2 (Build target(s)).
     1>Link:
         C:\Program Files (x86)\Microsoft Visual Studio 12.0\VC\bin\link.exe /ERRORREPORT:PROMPT /OUT:"C:\AAA\ProNai\Debug\opencvNai.exe" /INCREMENTAL /NOLOGO /LIBPATH:"C:\Program Files (x86)\Microsoft SDKs\Windows\v7.1A\Lib" /LIBPATH:C:\opencv\opencv\build\x64\vc12\lib opencv_calib3d2412.lib opencv_calib3d2412d.lib opencv_contrib2412.lib opencv_contrib2412d.lib opencv_core2412.lib opencv_core2412d.lib opencv_features2d2412.lib opencv_features2d2412d.lib opencv_flann2412.lib opencv_flann2412d.lib opencv_gpu2412.lib opencv_gpu2412d.lib opencv_highgui2412.lib opencv_highgui2412d.lib opencv_imgproc2412.lib opencv_imgproc2412d.lib opencv_legacy2412.lib opencv_legacy2412d.lib opencv_ml2412.lib opencv_ml2412d.lib opencv_nonfree2412.lib opencv_nonfree2412d.lib opencv_objdetect2412.lib opencv_objdetect2412d.lib opencv_ocl2412.lib opencv_ocl2412d.lib opencv_photo2412.lib opencv_photo2412d.lib opencv_stitching2412.lib opencv_stitching2412d.lib opencv_superres2412.lib opencv_superres2412d.lib opencv_ts2412.lib opencv_ts2412d.lib opencv_video2412.lib opencv_video2412d.lib opencv_videostab2412.lib opencv_videostab2412d.lib kernel32.lib user32.lib gdi32.lib winspool.lib comdlg32.lib advapi32.lib shell32.lib ole32.lib oleaut32.lib uuid.lib odbc32.lib odbccp32.lib /MANIFEST /MANIFESTUAC:"level='asInvoker' uiAccess='false'" /manifest:embed /DEBUG /PDB:"C:\AAA\ProNai\Debug\opencvNai.pdb" /SUBSYSTEM:CONSOLE /TLBID:1 /DYNAMICBASE /NXCOMPAT /IMPLIB:"C:\AAA\ProNai\Debug\opencvNai.lib" /MACHINE:X86 Debug\drawing.obj
     1>opencv_core2412.lib(opencv_core2412.dll) : fatal error LNK1112: module machine type 'x64' conflicts with target machine type 'X86'
     1>Done Building Project "C:\AAA\ProNai\opencvNai\opencvNai.vcxproj" (Build target(s)) -- FAILED.

Build FAILED.

Time Elapsed 00:00:00.81
